<?xml version="1.0" encoding="UTF-8"?>
<testng-results skipped="0" failed="0" total="1" passed="1">
  <reporter-output>
  </reporter-output>
  <suite name="Default suite" duration-ms="15817" started-at="2016-06-13T11:24:20Z" finished-at="2016-06-13T11:24:36Z">
    <groups>
    </groups>
    <test name="Default test" duration-ms="15817" started-at="2016-06-13T11:24:20Z" finished-at="2016-06-13T11:24:36Z">
      <class name="comcast.test.homepage.VerifyHomePageContent">
        <test-method status="PASS" signature="suiteSetUp()[pri:0, instance:comcast.test.homepage.VerifyHomePageContent@10e76514]" name="suiteSetUp" is-config="true" duration-ms="22" started-at="2016-06-13T16:54:20Z" finished-at="2016-06-13T16:54:20Z">
          <reporter-output>
          </reporter-output>
        </test-method> <!-- suiteSetUp -->
        <test-method status="PASS" signature="setUp()[pri:0, instance:comcast.test.homepage.VerifyHomePageContent@10e76514]" name="setUp" is-config="true" duration-ms="6858" started-at="2016-06-13T16:54:20Z" finished-at="2016-06-13T16:54:27Z">
          <reporter-output>
          </reporter-output>
        </test-method> <!-- setUp -->
        <test-method status="PASS" signature="Step01_NavigeteToURL()[pri:1, instance:comcast.test.homepage.VerifyHomePageContent@10e76514]" name="Step01_NavigeteToURL" duration-ms="6837" started-at="2016-06-13T16:54:27Z" description="Step 1: Open the browser, Enter the actiTime URL" finished-at="2016-06-13T16:54:34Z">
          <reporter-output>
          </reporter-output>
        </test-method> <!-- Step01_NavigeteToURL -->
        <test-method status="PASS" signature="tearDown()[pri:0, instance:comcast.test.homepage.VerifyHomePageContent@10e76514]" name="tearDown" is-config="true" duration-ms="2039" started-at="2016-06-13T16:54:34Z" finished-at="2016-06-13T16:54:36Z">
          <reporter-output>
          </reporter-output>
        </test-method> <!-- tearDown -->
      </class> <!-- comcast.test.homepage.VerifyHomePageContent -->
    </test> <!-- Default test -->
  </suite> <!-- Default suite -->
</testng-results>
